\BOOKMARK [0][-]{chapter.1}{\376\377\000D\000o\000c\000u\000m\000e\000n\000t\000a\000t\000i\000o\000n\000\040\000f\000o\000r\000\040\000t\000h\000e\000\040\000t\000x\000t\000E\000n\000g\000i\000n\000e\000\040\000P\000r\000o\000j\000e\000c\000t}{}% 1
\BOOKMARK [1][-]{section.1.1}{\376\377\000D\000a\000t\000e\000\040\000U\000p\000d\000a\000t\000e\000d\000:}{chapter.1}% 2
\BOOKMARK [1][-]{section.1.2}{\376\377\000W\000h\000a\000t\000\040\000i\000s\000\040\000t\000x\000t\000E\000n\000g\000i\000n\000e\000?}{chapter.1}% 3
\BOOKMARK [1][-]{section.1.3}{\376\377\000L\000i\000n\000k\000s\000:}{chapter.1}% 4
\BOOKMARK [1][-]{section.1.4}{\376\377\000R\000e\000p\000o\000r\000t\000\040\000B\000u\000g\000s\000:}{chapter.1}% 5
\BOOKMARK [1][-]{section.1.5}{\376\377\000A\000u\000t\000h\000o\000r\000s\000:}{chapter.1}% 6
\BOOKMARK [0][-]{chapter.2}{\376\377\000C\000l\000a\000s\000s\000\040\000I\000n\000d\000e\000x}{}% 7
\BOOKMARK [1][-]{section.2.1}{\376\377\000C\000l\000a\000s\000s\000\040\000L\000i\000s\000t}{chapter.2}% 8
\BOOKMARK [0][-]{chapter.3}{\376\377\000F\000i\000l\000e\000\040\000I\000n\000d\000e\000x}{}% 9
\BOOKMARK [1][-]{section.3.1}{\376\377\000F\000i\000l\000e\000\040\000L\000i\000s\000t}{chapter.3}% 10
\BOOKMARK [0][-]{chapter.4}{\376\377\000C\000l\000a\000s\000s\000\040\000D\000o\000c\000u\000m\000e\000n\000t\000a\000t\000i\000o\000n}{}% 11
\BOOKMARK [1][-]{section.4.1}{\376\377\000A\000r\000e\000a\000\040\000C\000l\000a\000s\000s\000\040\000R\000e\000f\000e\000r\000e\000n\000c\000e}{chapter.4}% 12
\BOOKMARK [2][-]{subsection.4.1.1}{\376\377\000C\000o\000n\000s\000t\000r\000u\000c\000t\000o\000r\000\040\000\046\000\040\000D\000e\000s\000t\000r\000u\000c\000t\000o\000r\000\040\000D\000o\000c\000u\000m\000e\000n\000t\000a\000t\000i\000o\000n}{section.4.1}% 13
\BOOKMARK [3][-]{subsubsection.4.1.1.1}{\376\377\000A\000r\000e\000a}{subsection.4.1.1}% 14
\BOOKMARK [3][-]{subsubsection.4.1.1.2}{\376\377\000A\000r\000e\000a}{subsection.4.1.1}% 15
\BOOKMARK [2][-]{subsection.4.1.2}{\376\377\000M\000e\000m\000b\000e\000r\000\040\000F\000u\000n\000c\000t\000i\000o\000n\000\040\000D\000o\000c\000u\000m\000e\000n\000t\000a\000t\000i\000o\000n}{section.4.1}% 16
\BOOKMARK [3][-]{subsubsection.4.1.2.1}{\376\377\000a\000d\000d\000\137\000c\000o\000m\000m\000a\000n\000d}{subsection.4.1.2}% 17
\BOOKMARK [3][-]{subsubsection.4.1.2.2}{\376\377\000a\000d\000d\000\137\000d\000e\000s\000c\000r\000i\000p\000t\000i\000o\000n}{subsection.4.1.2}% 18
\BOOKMARK [3][-]{subsubsection.4.1.2.3}{\376\377\000a\000d\000d\000\137\000i\000t\000e\000m}{subsection.4.1.2}% 19
\BOOKMARK [3][-]{subsubsection.4.1.2.4}{\376\377\000g\000e\000t\000\137\000c\000o\000m\000m\000a\000n\000d}{subsection.4.1.2}% 20
\BOOKMARK [3][-]{subsubsection.4.1.2.5}{\376\377\000g\000e\000t\000\137\000d\000e\000s\000c\000r\000i\000p\000t\000i\000o\000n}{subsection.4.1.2}% 21
\BOOKMARK [3][-]{subsubsection.4.1.2.6}{\376\377\000g\000e\000t\000\137\000d\000e\000s\000c\000r\000i\000p\000t\000o\000r}{subsection.4.1.2}% 22
\BOOKMARK [3][-]{subsubsection.4.1.2.7}{\376\377\000g\000e\000t\000\137\000i\000d}{subsection.4.1.2}% 23
\BOOKMARK [3][-]{subsubsection.4.1.2.8}{\376\377\000g\000e\000t\000\137\000i\000t\000e\000m}{subsection.4.1.2}% 24
\BOOKMARK [3][-]{subsubsection.4.1.2.9}{\376\377\000g\000e\000t\000\137\000i\000t\000e\000m}{subsection.4.1.2}% 25
\BOOKMARK [3][-]{subsubsection.4.1.2.10}{\376\377\000g\000e\000t\000\137\000n\000u\000m\000\137\000c\000o\000m\000m\000a\000n\000d\000s}{subsection.4.1.2}% 26
\BOOKMARK [3][-]{subsubsection.4.1.2.11}{\376\377\000g\000e\000t\000\137\000n\000u\000m\000\137\000d\000e\000s\000c\000r\000i\000p\000t\000i\000o\000n\000s}{subsection.4.1.2}% 27
\BOOKMARK [3][-]{subsubsection.4.1.2.12}{\376\377\000g\000e\000t\000\137\000n\000u\000m\000\137\000i\000t\000e\000m\000s}{subsection.4.1.2}% 28
\BOOKMARK [3][-]{subsubsection.4.1.2.13}{\376\377\000g\000e\000t\000\137\000s\000t\000a\000t\000u\000s}{subsection.4.1.2}% 29
\BOOKMARK [3][-]{subsubsection.4.1.2.14}{\376\377\000h\000a\000s\000\137\000c\000o\000m\000m\000a\000n\000d}{subsection.4.1.2}% 30
\BOOKMARK [3][-]{subsubsection.4.1.2.15}{\376\377\000h\000a\000s\000\137\000c\000u\000r\000r\000e\000n\000t\000\137\000d\000e\000s\000c}{subsection.4.1.2}% 31
\BOOKMARK [3][-]{subsubsection.4.1.2.16}{\376\377\000h\000a\000s\000\137\000d\000e\000s\000c\000r\000i\000p\000t\000i\000o\000n}{subsection.4.1.2}% 32
\BOOKMARK [3][-]{subsubsection.4.1.2.17}{\376\377\000h\000a\000s\000\137\000i\000t\000e\000m}{subsection.4.1.2}% 33
\BOOKMARK [3][-]{subsubsection.4.1.2.18}{\376\377\000r\000e\000m\000o\000v\000e\000\137\000i\000t\000e\000m}{subsection.4.1.2}% 34
\BOOKMARK [3][-]{subsubsection.4.1.2.19}{\376\377\000r\000e\000m\000o\000v\000e\000\137\000i\000t\000e\000m}{subsection.4.1.2}% 35
\BOOKMARK [3][-]{subsubsection.4.1.2.20}{\376\377\000u\000n\000l\000o\000c\000k}{subsection.4.1.2}% 36
\BOOKMARK [1][-]{section.4.2}{\376\377\000A\000r\000e\000a\000C\000o\000m\000m\000a\000n\000d\000\040\000C\000l\000a\000s\000s\000\040\000R\000e\000f\000e\000r\000e\000n\000c\000e}{chapter.4}% 37
\BOOKMARK [2][-]{subsection.4.2.1}{\376\377\000C\000o\000n\000s\000t\000r\000u\000c\000t\000o\000r\000\040\000\046\000\040\000D\000e\000s\000t\000r\000u\000c\000t\000o\000r\000\040\000D\000o\000c\000u\000m\000e\000n\000t\000a\000t\000i\000o\000n}{section.4.2}% 38
\BOOKMARK [3][-]{subsubsection.4.2.1.1}{\376\377\000A\000r\000e\000a\000C\000o\000m\000m\000a\000n\000d}{subsection.4.2.1}% 39
\BOOKMARK [3][-]{subsubsection.4.2.1.2}{\376\377\000A\000r\000e\000a\000C\000o\000m\000m\000a\000n\000d}{subsection.4.2.1}% 40
\BOOKMARK [2][-]{subsection.4.2.2}{\376\377\000M\000e\000m\000b\000e\000r\000\040\000F\000u\000n\000c\000t\000i\000o\000n\000\040\000D\000o\000c\000u\000m\000e\000n\000t\000a\000t\000i\000o\000n}{section.4.2}% 41
\BOOKMARK [3][-]{subsubsection.4.2.2.1}{\376\377\000f\000i\000n\000d}{subsection.4.2.2}% 42
\BOOKMARK [3][-]{subsubsection.4.2.2.2}{\376\377\000g\000e\000t\000\137\000a\000r\000e\000a}{subsection.4.2.2}% 43
\BOOKMARK [3][-]{subsubsection.4.2.2.3}{\376\377\000g\000e\000t\000\137\000d\000e\000p\000e\000n\000d\000s}{subsection.4.2.2}% 44
\BOOKMARK [3][-]{subsubsection.4.2.2.4}{\376\377\000g\000e\000t\000\137\000m\000e\000s\000s\000a\000g\000e}{subsection.4.2.2}% 45
\BOOKMARK [3][-]{subsubsection.4.2.2.5}{\376\377\000g\000e\000t\000\137\000n\000a\000m\000e}{subsection.4.2.2}% 46
\BOOKMARK [3][-]{subsubsection.4.2.2.6}{\376\377\000g\000e\000t\000\137\000s\000t\000a\000t\000u\000s}{subsection.4.2.2}% 47
\BOOKMARK [3][-]{subsubsection.4.2.2.7}{\376\377\000h\000a\000s\000\137\000s\000y\000n\000o\000n\000y\000m}{subsection.4.2.2}% 48
\BOOKMARK [3][-]{subsubsection.4.2.2.8}{\376\377\000i\000s\000\137\000l\000o\000c\000k\000e\000d}{subsection.4.2.2}% 49
\BOOKMARK [3][-]{subsubsection.4.2.2.9}{\376\377\000s\000e\000t\000\137\000m\000e\000s\000s\000a\000g\000e}{subsection.4.2.2}% 50
\BOOKMARK [3][-]{subsubsection.4.2.2.10}{\376\377\000u\000n\000l\000o\000c\000k}{subsection.4.2.2}% 51
\BOOKMARK [1][-]{section.4.3}{\376\377\000c\000o\000m\000b\000i\000n\000e\000\040\000C\000l\000a\000s\000s\000\040\000R\000e\000f\000e\000r\000e\000n\000c\000e}{chapter.4}% 52
\BOOKMARK [2][-]{subsection.4.3.1}{\376\377\000C\000o\000n\000s\000t\000r\000u\000c\000t\000o\000r\000\040\000\046\000\040\000D\000e\000s\000t\000r\000u\000c\000t\000o\000r\000\040\000D\000o\000c\000u\000m\000e\000n\000t\000a\000t\000i\000o\000n}{section.4.3}% 53
\BOOKMARK [3][-]{subsubsection.4.3.1.1}{\376\377\000c\000o\000m\000b\000i\000n\000e}{subsection.4.3.1}% 54
\BOOKMARK [3][-]{subsubsection.4.3.1.2}{\376\377\000c\000o\000m\000b\000i\000n\000e}{subsection.4.3.1}% 55
\BOOKMARK [2][-]{subsection.4.3.2}{\376\377\000M\000e\000m\000b\000e\000r\000\040\000F\000u\000n\000c\000t\000i\000o\000n\000\040\000D\000o\000c\000u\000m\000e\000n\000t\000a\000t\000i\000o\000n}{section.4.3}% 56
\BOOKMARK [3][-]{subsubsection.4.3.2.1}{\376\377\000g\000e\000t\000\137\000c\000o\000m\000b\000i\000n\000a\000t\000i\000o\000n}{subsection.4.3.2}% 57
\BOOKMARK [3][-]{subsubsection.4.3.2.2}{\376\377\000g\000e\000t\000\137\000d\000e\000s\000c\000r\000i\000p\000t\000i\000o\000n}{subsection.4.3.2}% 58
\BOOKMARK [3][-]{subsubsection.4.3.2.3}{\376\377\000g\000e\000t\000\137\000f\000i\000r\000s\000t\000\137\000i\000d}{subsection.4.3.2}% 59
\BOOKMARK [3][-]{subsubsection.4.3.2.4}{\376\377\000g\000e\000t\000\137\000i\000d}{subsection.4.3.2}% 60
\BOOKMARK [3][-]{subsubsection.4.3.2.5}{\376\377\000g\000e\000t\000\137\000s\000e\000c\000o\000n\000d\000\137\000i\000d}{subsection.4.3.2}% 61
\BOOKMARK [3][-]{subsubsection.4.3.2.6}{\376\377\000s\000e\000t\000\137\000c\000o\000m\000b\000i\000n\000a\000t\000i\000o\000n}{subsection.4.3.2}% 62
\BOOKMARK [3][-]{subsubsection.4.3.2.7}{\376\377\000s\000e\000t\000\137\000d\000e\000s\000c\000r\000i\000p\000t\000i\000o\000n}{subsection.4.3.2}% 63
\BOOKMARK [1][-]{section.4.4}{\376\377\000I\000t\000e\000m\000\040\000C\000l\000a\000s\000s\000\040\000R\000e\000f\000e\000r\000e\000n\000c\000e}{chapter.4}% 64
\BOOKMARK [2][-]{subsection.4.4.1}{\376\377\000C\000o\000n\000s\000t\000r\000u\000c\000t\000o\000r\000\040\000\046\000\040\000D\000e\000s\000t\000r\000u\000c\000t\000o\000r\000\040\000D\000o\000c\000u\000m\000e\000n\000t\000a\000t\000i\000o\000n}{section.4.4}% 65
\BOOKMARK [3][-]{subsubsection.4.4.1.1}{\376\377\000I\000t\000e\000m}{subsection.4.4.1}% 66
\BOOKMARK [3][-]{subsubsection.4.4.1.2}{\376\377\000I\000t\000e\000m}{subsection.4.4.1}% 67
\BOOKMARK [2][-]{subsection.4.4.2}{\376\377\000M\000e\000m\000b\000e\000r\000\040\000F\000u\000n\000c\000t\000i\000o\000n\000\040\000D\000o\000c\000u\000m\000e\000n\000t\000a\000t\000i\000o\000n}{section.4.4}% 68
\BOOKMARK [3][-]{subsubsection.4.4.2.1}{\376\377\000a\000d\000d\000\137\000c\000o\000m\000m\000a\000n\000d}{subsection.4.4.2}% 69
\BOOKMARK [3][-]{subsubsection.4.4.2.2}{\376\377\000a\000d\000d\000\137\000d\000e\000s\000c\000r\000i\000p\000t\000i\000o\000n}{subsection.4.4.2}% 70
\BOOKMARK [3][-]{subsubsection.4.4.2.3}{\376\377\000a\000d\000d\000\137\000i\000t\000e\000m}{subsection.4.4.2}% 71
\BOOKMARK [3][-]{subsubsection.4.4.2.4}{\376\377\000c\000h\000a\000n\000g\000e\000\137\000c\000o\000l\000l\000e\000c\000t\000a\000b\000l\000e}{subsection.4.4.2}% 72
\BOOKMARK [3][-]{subsubsection.4.4.2.5}{\376\377\000f\000l\000i\000p\000\137\000l\000o\000c\000k\000e\000d}{subsection.4.4.2}% 73
\BOOKMARK [3][-]{subsubsection.4.4.2.6}{\376\377\000g\000e\000t\000\137\000c\000o\000m\000b\000i\000n\000e}{subsection.4.4.2}% 74
\BOOKMARK [3][-]{subsubsection.4.4.2.7}{\376\377\000g\000e\000t\000\137\000c\000o\000m\000m\000a\000n\000d}{subsection.4.4.2}% 75
\BOOKMARK [3][-]{subsubsection.4.4.2.8}{\376\377\000g\000e\000t\000\137\000c\000o\000m\000m\000a\000n\000d}{subsection.4.4.2}% 76
\BOOKMARK [3][-]{subsubsection.4.4.2.9}{\376\377\000g\000e\000t\000\137\000d\000e\000p\000e\000n\000d\000s}{subsection.4.4.2}% 77
\BOOKMARK [3][-]{subsubsection.4.4.2.10}{\376\377\000g\000e\000t\000\137\000d\000e\000s\000c\000r\000i\000p\000t\000i\000o\000n}{subsection.4.4.2}% 78
\BOOKMARK [3][-]{subsubsection.4.4.2.11}{\376\377\000g\000e\000t\000\137\000d\000e\000s\000c\000r\000i\000p\000t\000o\000r}{subsection.4.4.2}% 79
\BOOKMARK [3][-]{subsubsection.4.4.2.12}{\376\377\000g\000e\000t\000\137\000i\000d}{subsection.4.4.2}% 80
\BOOKMARK [3][-]{subsubsection.4.4.2.13}{\376\377\000g\000e\000t\000\137\000i\000t\000e\000m}{subsection.4.4.2}% 81
\BOOKMARK [3][-]{subsubsection.4.4.2.14}{\376\377\000g\000e\000t\000\137\000n\000u\000m\000\137\000c\000o\000m\000m\000a\000n\000d\000s}{subsection.4.4.2}% 82
\BOOKMARK [3][-]{subsubsection.4.4.2.15}{\376\377\000g\000e\000t\000\137\000n\000u\000m\000\137\000d\000e\000s\000c\000r\000i\000p\000t\000i\000o\000n\000s}{subsection.4.4.2}% 83
\BOOKMARK [3][-]{subsubsection.4.4.2.16}{\376\377\000h\000a\000s\000\137\000c\000o\000m\000b\000i\000n\000e}{subsection.4.4.2}% 84
\BOOKMARK [3][-]{subsubsection.4.4.2.17}{\376\377\000h\000a\000s\000\137\000c\000o\000n\000t\000a\000i\000n\000e\000r}{subsection.4.4.2}% 85
\BOOKMARK [3][-]{subsubsection.4.4.2.18}{\376\377\000h\000a\000s\000\137\000c\000u\000r\000r\000e\000n\000t\000\137\000d\000e\000s\000c}{subsection.4.4.2}% 86
\BOOKMARK [3][-]{subsubsection.4.4.2.19}{\376\377\000h\000a\000s\000\137\000d\000e\000s\000c\000r\000i\000p\000t\000i\000o\000n}{subsection.4.4.2}% 87
\BOOKMARK [3][-]{subsubsection.4.4.2.20}{\376\377\000h\000a\000s\000\137\000s\000y\000n\000o\000n\000y\000m}{subsection.4.4.2}% 88
\BOOKMARK [3][-]{subsubsection.4.4.2.21}{\376\377\000i\000s\000\137\000c\000o\000l\000l\000e\000c\000t\000a\000b\000l\000e}{subsection.4.4.2}% 89
\BOOKMARK [3][-]{subsubsection.4.4.2.22}{\376\377\000i\000s\000\137\000l\000o\000c\000k\000e\000d}{subsection.4.4.2}% 90
\BOOKMARK [3][-]{subsubsection.4.4.2.23}{\376\377\000p\000r\000i\000n\000t\000\137\000c\000o\000n\000t\000a\000i\000n\000e\000d\000\137\000i\000t\000e\000m\000s}{subsection.4.4.2}% 91
\BOOKMARK [3][-]{subsubsection.4.4.2.24}{\376\377\000r\000e\000m\000o\000v\000e\000\137\000i\000t\000e\000m}{subsection.4.4.2}% 92
\BOOKMARK [3][-]{subsubsection.4.4.2.25}{\376\377\000s\000e\000t\000\137\000c\000o\000m\000b\000i\000n\000e}{subsection.4.4.2}% 93
\BOOKMARK [3][-]{subsubsection.4.4.2.26}{\376\377\000s\000t\000a\000t\000e\000\137\000c\000h\000a\000n\000g\000e}{subsection.4.4.2}% 94
\BOOKMARK [1][-]{section.4.5}{\376\377\000I\000t\000e\000m\000C\000o\000m\000m\000a\000n\000d\000\040\000C\000l\000a\000s\000s\000\040\000R\000e\000f\000e\000r\000e\000n\000c\000e}{chapter.4}% 95
\BOOKMARK [2][-]{subsection.4.5.1}{\376\377\000M\000e\000m\000b\000e\000r\000\040\000F\000u\000n\000c\000t\000i\000o\000n\000\040\000D\000o\000c\000u\000m\000e\000n\000t\000a\000t\000i\000o\000n}{section.4.5}% 96
\BOOKMARK [3][-]{subsubsection.4.5.1.1}{\376\377\000c\000h\000e\000c\000k\000\137\000s\000y\000n\000o\000n\000y\000m\000s}{subsection.4.5.1}% 97
\BOOKMARK [3][-]{subsubsection.4.5.1.2}{\376\377\000g\000e\000t\000\137\000a\000r\000e\000a\000\137\000c\000h\000a\000n\000g\000e}{subsection.4.5.1}% 98
\BOOKMARK [3][-]{subsubsection.4.5.1.3}{\376\377\000g\000e\000t\000\137\000c\000h\000a\000n\000g\000e\000\137\000c\000o\000l\000l\000e\000c\000t}{subsection.4.5.1}% 99
\BOOKMARK [3][-]{subsubsection.4.5.1.4}{\376\377\000g\000e\000t\000\137\000c\000o\000l\000l\000e\000c\000t\000\137\000d\000e\000p\000e\000n\000d\000e\000n\000t}{subsection.4.5.1}% 100
\BOOKMARK [3][-]{subsubsection.4.5.1.5}{\376\377\000g\000e\000t\000\137\000d\000e\000p\000e\000n\000d\000s}{subsection.4.5.1}% 101
\BOOKMARK [3][-]{subsubsection.4.5.1.6}{\376\377\000g\000e\000t\000\137\000m\000e\000s\000s\000a\000g\000e}{subsection.4.5.1}% 102
\BOOKMARK [3][-]{subsubsection.4.5.1.7}{\376\377\000g\000e\000t\000\137\000n\000a\000m\000e}{subsection.4.5.1}% 103
\BOOKMARK [3][-]{subsubsection.4.5.1.8}{\376\377\000g\000e\000t\000\137\000s\000t\000a\000t\000e\000\137\000c\000h\000a\000n\000g\000e}{subsection.4.5.1}% 104
\BOOKMARK [3][-]{subsubsection.4.5.1.9}{\376\377\000g\000e\000t\000\137\000s\000t\000a\000t\000u\000s}{subsection.4.5.1}% 105
\BOOKMARK [3][-]{subsubsection.4.5.1.10}{\376\377\000s\000e\000t\000\137\000m\000e\000s\000s\000a\000g\000e}{subsection.4.5.1}% 106
\BOOKMARK [1][-]{section.4.6}{\376\377\000S\000t\000a\000t\000e\000D\000e\000s\000c\000r\000i\000p\000t\000o\000r\000\040\000C\000l\000a\000s\000s\000\040\000R\000e\000f\000e\000r\000e\000n\000c\000e}{chapter.4}% 107
\BOOKMARK [2][-]{subsection.4.6.1}{\376\377\000C\000o\000n\000s\000t\000r\000u\000c\000t\000o\000r\000\040\000\046\000\040\000D\000e\000s\000t\000r\000u\000c\000t\000o\000r\000\040\000D\000o\000c\000u\000m\000e\000n\000t\000a\000t\000i\000o\000n}{section.4.6}% 108
\BOOKMARK [3][-]{subsubsection.4.6.1.1}{\376\377\000S\000t\000a\000t\000e\000D\000e\000s\000c\000r\000i\000p\000t\000o\000r}{subsection.4.6.1}% 109
\BOOKMARK [3][-]{subsubsection.4.6.1.2}{\376\377\000S\000t\000a\000t\000e\000D\000e\000s\000c\000r\000i\000p\000t\000o\000r}{subsection.4.6.1}% 110
\BOOKMARK [2][-]{subsection.4.6.2}{\376\377\000M\000e\000m\000b\000e\000r\000\040\000F\000u\000n\000c\000t\000i\000o\000n\000\040\000D\000o\000c\000u\000m\000e\000n\000t\000a\000t\000i\000o\000n}{section.4.6}% 111
\BOOKMARK [3][-]{subsubsection.4.6.2.1}{\376\377\000g\000e\000t\000\137\000d\000e\000s\000c\000r\000i\000p\000t\000i\000o\000n}{subsection.4.6.2}% 112
\BOOKMARK [3][-]{subsubsection.4.6.2.2}{\376\377\000g\000e\000t\000\137\000i\000d}{subsection.4.6.2}% 113
\BOOKMARK [3][-]{subsubsection.4.6.2.3}{\376\377\000s\000e\000t\000\137\000d\000e\000s\000c\000r\000i\000p\000t\000i\000o\000n}{subsection.4.6.2}% 114
\BOOKMARK [1][-]{section.4.7}{\376\377\000W\000o\000r\000l\000d\000\040\000C\000l\000a\000s\000s\000\040\000R\000e\000f\000e\000r\000e\000n\000c\000e}{chapter.4}% 115
\BOOKMARK [2][-]{subsection.4.7.1}{\376\377\000C\000o\000n\000s\000t\000r\000u\000c\000t\000o\000r\000\040\000\046\000\040\000D\000e\000s\000t\000r\000u\000c\000t\000o\000r\000\040\000D\000o\000c\000u\000m\000e\000n\000t\000a\000t\000i\000o\000n}{section.4.7}% 116
\BOOKMARK [3][-]{subsubsection.4.7.1.1}{\376\377\000W\000o\000r\000l\000d}{subsection.4.7.1}% 117
\BOOKMARK [2][-]{subsection.4.7.2}{\376\377\000M\000e\000m\000b\000e\000r\000\040\000F\000u\000n\000c\000t\000i\000o\000n\000\040\000D\000o\000c\000u\000m\000e\000n\000t\000a\000t\000i\000o\000n}{section.4.7}% 118
\BOOKMARK [3][-]{subsubsection.4.7.2.1}{\376\377\000g\000e\000t\000\137\000a\000c\000t\000i\000v\000e\000\137\000a\000r\000e\000a}{subsection.4.7.2}% 119
\BOOKMARK [3][-]{subsubsection.4.7.2.2}{\376\377\000g\000e\000t\000\137\000a\000u\000t\000h\000o\000r}{subsection.4.7.2}% 120
\BOOKMARK [3][-]{subsubsection.4.7.2.3}{\376\377\000g\000e\000t\000\137\000l\000a\000n\000g\000u\000a\000g\000e}{subsection.4.7.2}% 121
\BOOKMARK [0][-]{chapter.5}{\376\377\000F\000i\000l\000e\000\040\000D\000o\000c\000u\000m\000e\000n\000t\000a\000t\000i\000o\000n}{}% 122
\BOOKMARK [1][-]{section.5.1}{\376\377\000/\000h\000o\000m\000e\000/\000c\000s\000h\000o\000m\000e\000/\000m\000/\000m\000a\000b\000r\000a\000m\000s\000/\0003\0004\0005\000/\000t\000x\000t\000E\000n\000g\000i\000n\000e\000/\000A\000r\000e\000a\000.\000c\000p\000p\000\040\000F\000i\000l\000e\000\040\000R\000e\000f\000e\000r\000e\000n\000c\000e}{chapter.5}% 123
\BOOKMARK [2][-]{subsection.5.1.1}{\376\377\000D\000e\000t\000a\000i\000l\000e\000d\000\040\000D\000e\000s\000c\000r\000i\000p\000t\000i\000o\000n}{section.5.1}% 124
\BOOKMARK [1][-]{section.5.2}{\376\377\000/\000h\000o\000m\000e\000/\000c\000s\000h\000o\000m\000e\000/\000m\000/\000m\000a\000b\000r\000a\000m\000s\000/\0003\0004\0005\000/\000t\000x\000t\000E\000n\000g\000i\000n\000e\000/\000A\000r\000e\000a\000.\000h\000\040\000F\000i\000l\000e\000\040\000R\000e\000f\000e\000r\000e\000n\000c\000e}{chapter.5}% 125
\BOOKMARK [2][-]{subsection.5.2.1}{\376\377\000D\000e\000t\000a\000i\000l\000e\000d\000\040\000D\000e\000s\000c\000r\000i\000p\000t\000i\000o\000n}{section.5.2}% 126
\BOOKMARK [1][-]{section.5.3}{\376\377\000/\000h\000o\000m\000e\000/\000c\000s\000h\000o\000m\000e\000/\000m\000/\000m\000a\000b\000r\000a\000m\000s\000/\0003\0004\0005\000/\000t\000x\000t\000E\000n\000g\000i\000n\000e\000/\000A\000r\000e\000a\000C\000o\000m\000m\000a\000n\000d\000.\000c\000p\000p\000\040\000F\000i\000l\000e\000\040\000R\000e\000f\000e\000r\000e\000n\000c\000e}{chapter.5}% 127
\BOOKMARK [2][-]{subsection.5.3.1}{\376\377\000D\000e\000t\000a\000i\000l\000e\000d\000\040\000D\000e\000s\000c\000r\000i\000p\000t\000i\000o\000n}{section.5.3}% 128
\BOOKMARK [1][-]{section.5.4}{\376\377\000/\000h\000o\000m\000e\000/\000c\000s\000h\000o\000m\000e\000/\000m\000/\000m\000a\000b\000r\000a\000m\000s\000/\0003\0004\0005\000/\000t\000x\000t\000E\000n\000g\000i\000n\000e\000/\000A\000r\000e\000a\000C\000o\000m\000m\000a\000n\000d\000.\000h\000\040\000F\000i\000l\000e\000\040\000R\000e\000f\000e\000r\000e\000n\000c\000e}{chapter.5}% 129
\BOOKMARK [2][-]{subsection.5.4.1}{\376\377\000D\000e\000t\000a\000i\000l\000e\000d\000\040\000D\000e\000s\000c\000r\000i\000p\000t\000i\000o\000n}{section.5.4}% 130
\BOOKMARK [1][-]{section.5.5}{\376\377\000/\000h\000o\000m\000e\000/\000c\000s\000h\000o\000m\000e\000/\000m\000/\000m\000a\000b\000r\000a\000m\000s\000/\0003\0004\0005\000/\000t\000x\000t\000E\000n\000g\000i\000n\000e\000/\000c\000o\000m\000b\000i\000n\000e\000.\000c\000p\000p\000\040\000F\000i\000l\000e\000\040\000R\000e\000f\000e\000r\000e\000n\000c\000e}{chapter.5}% 131
\BOOKMARK [2][-]{subsection.5.5.1}{\376\377\000D\000e\000t\000a\000i\000l\000e\000d\000\040\000D\000e\000s\000c\000r\000i\000p\000t\000i\000o\000n}{section.5.5}% 132
\BOOKMARK [1][-]{section.5.6}{\376\377\000/\000h\000o\000m\000e\000/\000c\000s\000h\000o\000m\000e\000/\000m\000/\000m\000a\000b\000r\000a\000m\000s\000/\0003\0004\0005\000/\000t\000x\000t\000E\000n\000g\000i\000n\000e\000/\000c\000o\000m\000b\000i\000n\000e\000.\000h\000\040\000F\000i\000l\000e\000\040\000R\000e\000f\000e\000r\000e\000n\000c\000e}{chapter.5}% 133
\BOOKMARK [2][-]{subsection.5.6.1}{\376\377\000D\000e\000t\000a\000i\000l\000e\000d\000\040\000D\000e\000s\000c\000r\000i\000p\000t\000i\000o\000n}{section.5.6}% 134
\BOOKMARK [1][-]{section.5.7}{\376\377\000/\000h\000o\000m\000e\000/\000c\000s\000h\000o\000m\000e\000/\000m\000/\000m\000a\000b\000r\000a\000m\000s\000/\0003\0004\0005\000/\000t\000x\000t\000E\000n\000g\000i\000n\000e\000/\000C\000o\000n\000s\000t\000a\000n\000t\000s\000.\000h\000\040\000F\000i\000l\000e\000\040\000R\000e\000f\000e\000r\000e\000n\000c\000e}{chapter.5}% 135
\BOOKMARK [2][-]{subsection.5.7.1}{\376\377\000D\000e\000t\000a\000i\000l\000e\000d\000\040\000D\000e\000s\000c\000r\000i\000p\000t\000i\000o\000n}{section.5.7}% 136
\BOOKMARK [1][-]{section.5.8}{\376\377\000/\000h\000o\000m\000e\000/\000c\000s\000h\000o\000m\000e\000/\000m\000/\000m\000a\000b\000r\000a\000m\000s\000/\0003\0004\0005\000/\000t\000x\000t\000E\000n\000g\000i\000n\000e\000/\000I\000t\000e\000m\000.\000c\000p\000p\000\040\000F\000i\000l\000e\000\040\000R\000e\000f\000e\000r\000e\000n\000c\000e}{chapter.5}% 137
\BOOKMARK [2][-]{subsection.5.8.1}{\376\377\000D\000e\000t\000a\000i\000l\000e\000d\000\040\000D\000e\000s\000c\000r\000i\000p\000t\000i\000o\000n}{section.5.8}% 138
\BOOKMARK [1][-]{section.5.9}{\376\377\000/\000h\000o\000m\000e\000/\000c\000s\000h\000o\000m\000e\000/\000m\000/\000m\000a\000b\000r\000a\000m\000s\000/\0003\0004\0005\000/\000t\000x\000t\000E\000n\000g\000i\000n\000e\000/\000I\000t\000e\000m\000.\000h\000\040\000F\000i\000l\000e\000\040\000R\000e\000f\000e\000r\000e\000n\000c\000e}{chapter.5}% 139
\BOOKMARK [2][-]{subsection.5.9.1}{\376\377\000D\000e\000t\000a\000i\000l\000e\000d\000\040\000D\000e\000s\000c\000r\000i\000p\000t\000i\000o\000n}{section.5.9}% 140
\BOOKMARK [1][-]{section.5.10}{\376\377\000/\000h\000o\000m\000e\000/\000c\000s\000h\000o\000m\000e\000/\000m\000/\000m\000a\000b\000r\000a\000m\000s\000/\0003\0004\0005\000/\000t\000x\000t\000E\000n\000g\000i\000n\000e\000/\000I\000t\000e\000m\000C\000o\000m\000m\000a\000n\000d\000.\000c\000p\000p\000\040\000F\000i\000l\000e\000\040\000R\000e\000f\000e\000r\000e\000n\000c\000e}{chapter.5}% 141
\BOOKMARK [2][-]{subsection.5.10.1}{\376\377\000D\000e\000t\000a\000i\000l\000e\000d\000\040\000D\000e\000s\000c\000r\000i\000p\000t\000i\000o\000n}{section.5.10}% 142
\BOOKMARK [1][-]{section.5.11}{\376\377\000/\000h\000o\000m\000e\000/\000c\000s\000h\000o\000m\000e\000/\000m\000/\000m\000a\000b\000r\000a\000m\000s\000/\0003\0004\0005\000/\000t\000x\000t\000E\000n\000g\000i\000n\000e\000/\000I\000t\000e\000m\000C\000o\000m\000m\000a\000n\000d\000.\000h\000\040\000F\000i\000l\000e\000\040\000R\000e\000f\000e\000r\000e\000n\000c\000e}{chapter.5}% 143
\BOOKMARK [2][-]{subsection.5.11.1}{\376\377\000D\000e\000t\000a\000i\000l\000e\000d\000\040\000D\000e\000s\000c\000r\000i\000p\000t\000i\000o\000n}{section.5.11}% 144
\BOOKMARK [1][-]{section.5.12}{\376\377\000/\000h\000o\000m\000e\000/\000c\000s\000h\000o\000m\000e\000/\000m\000/\000m\000a\000b\000r\000a\000m\000s\000/\0003\0004\0005\000/\000t\000x\000t\000E\000n\000g\000i\000n\000e\000/\000m\000a\000i\000n\000.\000c\000p\000p\000\040\000F\000i\000l\000e\000\040\000R\000e\000f\000e\000r\000e\000n\000c\000e}{chapter.5}% 145
\BOOKMARK [2][-]{subsection.5.12.1}{\376\377\000D\000e\000t\000a\000i\000l\000e\000d\000\040\000D\000e\000s\000c\000r\000i\000p\000t\000i\000o\000n}{section.5.12}% 146
\BOOKMARK [2][-]{subsection.5.12.2}{\376\377\000F\000u\000n\000c\000t\000i\000o\000n\000\040\000D\000o\000c\000u\000m\000e\000n\000t\000a\000t\000i\000o\000n}{section.5.12}% 147
\BOOKMARK [3][-]{subsubsection.5.12.2.1}{\376\377\000i\000n\000p\000u\000t\000\137\000f\000i\000l\000t\000e\000r}{subsection.5.12.2}% 148
\BOOKMARK [3][-]{subsubsection.5.12.2.2}{\376\377\000l\000o\000a\000d\000\137\000g\000a\000m\000e}{subsection.5.12.2}% 149
\BOOKMARK [3][-]{subsubsection.5.12.2.3}{\376\377\000o\000n\000e\000\137\000w\000o\000r\000d\000\137\000c\000o\000m\000m\000a\000n\000d}{subsection.5.12.2}% 150
\BOOKMARK [3][-]{subsubsection.5.12.2.4}{\376\377\000p\000r\000i\000n\000t\000\137\000i\000n\000v\000e\000n\000t\000o\000r\000y}{subsection.5.12.2}% 151
\BOOKMARK [3][-]{subsubsection.5.12.2.5}{\376\377\000p\000r\000i\000n\000t\000\137\000w\000o\000r\000l\000d\000\137\000t\000r\000e\000e}{subsection.5.12.2}% 152
\BOOKMARK [3][-]{subsubsection.5.12.2.6}{\376\377\000r\000e\000a\000d\000\137\000f\000i\000l\000t\000e\000r\000\137\000l\000i\000s\000t}{subsection.5.12.2}% 153
\BOOKMARK [3][-]{subsubsection.5.12.2.7}{\376\377\000r\000e\000a\000d\000\137\000f\000i\000l\000t\000e\000r\000\137\000l\000i\000s\000t}{subsection.5.12.2}% 154
\BOOKMARK [3][-]{subsubsection.5.12.2.8}{\376\377\000s\000a\000v\000e\000\137\000g\000a\000m\000e}{subsection.5.12.2}% 155
\BOOKMARK [3][-]{subsubsection.5.12.2.9}{\376\377\000t\000h\000r\000e\000e\000\137\000w\000o\000r\000d\000\137\000c\000o\000m\000m\000a\000n\000d}{subsection.5.12.2}% 156
\BOOKMARK [3][-]{subsubsection.5.12.2.10}{\376\377\000t\000w\000o\000\137\000w\000o\000r\000d\000\137\000c\000o\000m\000m\000a\000n\000d}{subsection.5.12.2}% 157
\BOOKMARK [3][-]{subsubsection.5.12.2.11}{\376\377\000w\000o\000r\000d\000\137\000w\000r\000a\000p}{subsection.5.12.2}% 158
\BOOKMARK [1][-]{section.5.13}{\376\377\000/\000h\000o\000m\000e\000/\000c\000s\000h\000o\000m\000e\000/\000m\000/\000m\000a\000b\000r\000a\000m\000s\000/\0003\0004\0005\000/\000t\000x\000t\000E\000n\000g\000i\000n\000e\000/\000p\000a\000r\000s\000e\000r\000.\000c\000p\000p\000\040\000F\000i\000l\000e\000\040\000R\000e\000f\000e\000r\000e\000n\000c\000e}{chapter.5}% 159
\BOOKMARK [2][-]{subsection.5.13.1}{\376\377\000D\000e\000t\000a\000i\000l\000e\000d\000\040\000D\000e\000s\000c\000r\000i\000p\000t\000i\000o\000n}{section.5.13}% 160
\BOOKMARK [2][-]{subsection.5.13.2}{\376\377\000F\000u\000n\000c\000t\000i\000o\000n\000\040\000D\000o\000c\000u\000m\000e\000n\000t\000a\000t\000i\000o\000n}{section.5.13}% 161
\BOOKMARK [3][-]{subsubsection.5.13.2.1}{\376\377\000e\000r\000r\000o\000r\000\137\000p\000a\000r\000s\000i\000n\000g}{subsection.5.13.2}% 162
\BOOKMARK [3][-]{subsubsection.5.13.2.2}{\376\377\000m\000a\000k\000e\000\137\000a\000r\000e\000a}{subsection.5.13.2}% 163
\BOOKMARK [3][-]{subsubsection.5.13.2.3}{\376\377\000m\000a\000k\000e\000\137\000a\000r\000e\000a\000\137\000c\000o\000m\000m\000a\000n\000d}{subsection.5.13.2}% 164
\BOOKMARK [3][-]{subsubsection.5.13.2.4}{\376\377\000m\000a\000k\000e\000\137\000i\000t\000e\000m\000\137\000c\000o\000m\000m\000a\000n\000d}{subsection.5.13.2}% 165
\BOOKMARK [3][-]{subsubsection.5.13.2.5}{\376\377\000m\000a\000k\000e\000\137\000o\000b\000j\000e\000c\000t\000s}{subsection.5.13.2}% 166
\BOOKMARK [3][-]{subsubsection.5.13.2.6}{\376\377\000m\000a\000k\000e\000\137\000s\000t\000a\000t\000e\000\137\000d\000e\000s\000c\000r\000i\000p\000t\000o\000r}{subsection.5.13.2}% 167
\BOOKMARK [3][-]{subsubsection.5.13.2.7}{\376\377\000m\000a\000k\000e\000\137\000w\000o\000r\000l\000d}{subsection.5.13.2}% 168
\BOOKMARK [3][-]{subsubsection.5.13.2.8}{\376\377\000r\000e\000a\000d\000\137\000f\000i\000l\000e}{subsection.5.13.2}% 169
\BOOKMARK [1][-]{section.5.14}{\376\377\000/\000h\000o\000m\000e\000/\000c\000s\000h\000o\000m\000e\000/\000m\000/\000m\000a\000b\000r\000a\000m\000s\000/\0003\0004\0005\000/\000t\000x\000t\000E\000n\000g\000i\000n\000e\000/\000p\000a\000r\000s\000e\000r\000.\000h\000\040\000F\000i\000l\000e\000\040\000R\000e\000f\000e\000r\000e\000n\000c\000e}{chapter.5}% 170
\BOOKMARK [2][-]{subsection.5.14.1}{\376\377\000D\000e\000t\000a\000i\000l\000e\000d\000\040\000D\000e\000s\000c\000r\000i\000p\000t\000i\000o\000n}{section.5.14}% 171
\BOOKMARK [2][-]{subsection.5.14.2}{\376\377\000F\000u\000n\000c\000t\000i\000o\000n\000\040\000D\000o\000c\000u\000m\000e\000n\000t\000a\000t\000i\000o\000n}{section.5.14}% 172
\BOOKMARK [3][-]{subsubsection.5.14.2.1}{\376\377\000e\000r\000r\000o\000r\000\137\000p\000a\000r\000s\000i\000n\000g}{subsection.5.14.2}% 173
\BOOKMARK [3][-]{subsubsection.5.14.2.2}{\376\377\000m\000a\000k\000e\000\137\000a\000r\000e\000a}{subsection.5.14.2}% 174
\BOOKMARK [3][-]{subsubsection.5.14.2.3}{\376\377\000m\000a\000k\000e\000\137\000a\000r\000e\000a\000\137\000c\000o\000m\000m\000a\000n\000d}{subsection.5.14.2}% 175
\BOOKMARK [3][-]{subsubsection.5.14.2.4}{\376\377\000m\000a\000k\000e\000\137\000i\000t\000e\000m\000\137\000c\000o\000m\000m\000a\000n\000d}{subsection.5.14.2}% 176
\BOOKMARK [3][-]{subsubsection.5.14.2.5}{\376\377\000m\000a\000k\000e\000\137\000o\000b\000j\000e\000c\000t\000s}{subsection.5.14.2}% 177
\BOOKMARK [3][-]{subsubsection.5.14.2.6}{\376\377\000m\000a\000k\000e\000\137\000s\000t\000a\000t\000e\000\137\000d\000e\000s\000c\000r\000i\000p\000t\000o\000r}{subsection.5.14.2}% 178
\BOOKMARK [3][-]{subsubsection.5.14.2.7}{\376\377\000m\000a\000k\000e\000\137\000w\000o\000r\000l\000d}{subsection.5.14.2}% 179
\BOOKMARK [3][-]{subsubsection.5.14.2.8}{\376\377\000r\000e\000a\000d\000\137\000f\000i\000l\000e}{subsection.5.14.2}% 180
\BOOKMARK [1][-]{section.5.15}{\376\377\000/\000h\000o\000m\000e\000/\000c\000s\000h\000o\000m\000e\000/\000m\000/\000m\000a\000b\000r\000a\000m\000s\000/\0003\0004\0005\000/\000t\000x\000t\000E\000n\000g\000i\000n\000e\000/\000S\000t\000a\000t\000e\000D\000e\000s\000c\000r\000i\000p\000t\000o\000r\000.\000c\000p\000p\000\040\000F\000i\000l\000e\000\040\000R\000e\000f\000e\000r\000e\000n\000c\000e}{chapter.5}% 181
\BOOKMARK [2][-]{subsection.5.15.1}{\376\377\000D\000e\000t\000a\000i\000l\000e\000d\000\040\000D\000e\000s\000c\000r\000i\000p\000t\000i\000o\000n}{section.5.15}% 182
\BOOKMARK [1][-]{section.5.16}{\376\377\000/\000h\000o\000m\000e\000/\000c\000s\000h\000o\000m\000e\000/\000m\000/\000m\000a\000b\000r\000a\000m\000s\000/\0003\0004\0005\000/\000t\000x\000t\000E\000n\000g\000i\000n\000e\000/\000S\000t\000a\000t\000e\000D\000e\000s\000c\000r\000i\000p\000t\000o\000r\000.\000h\000\040\000F\000i\000l\000e\000\040\000R\000e\000f\000e\000r\000e\000n\000c\000e}{chapter.5}% 183
\BOOKMARK [2][-]{subsection.5.16.1}{\376\377\000D\000e\000t\000a\000i\000l\000e\000d\000\040\000D\000e\000s\000c\000r\000i\000p\000t\000i\000o\000n}{section.5.16}% 184
\BOOKMARK [1][-]{section.5.17}{\376\377\000/\000h\000o\000m\000e\000/\000c\000s\000h\000o\000m\000e\000/\000m\000/\000m\000a\000b\000r\000a\000m\000s\000/\0003\0004\0005\000/\000t\000x\000t\000E\000n\000g\000i\000n\000e\000/\000W\000o\000r\000l\000d\000.\000c\000p\000p\000\040\000F\000i\000l\000e\000\040\000R\000e\000f\000e\000r\000e\000n\000c\000e}{chapter.5}% 185
\BOOKMARK [2][-]{subsection.5.17.1}{\376\377\000D\000e\000t\000a\000i\000l\000e\000d\000\040\000D\000e\000s\000c\000r\000i\000p\000t\000i\000o\000n}{section.5.17}% 186
\BOOKMARK [1][-]{section.5.18}{\376\377\000/\000h\000o\000m\000e\000/\000c\000s\000h\000o\000m\000e\000/\000m\000/\000m\000a\000b\000r\000a\000m\000s\000/\0003\0004\0005\000/\000t\000x\000t\000E\000n\000g\000i\000n\000e\000/\000W\000o\000r\000l\000d\000.\000h\000\040\000F\000i\000l\000e\000\040\000R\000e\000f\000e\000r\000e\000n\000c\000e}{chapter.5}% 187
\BOOKMARK [2][-]{subsection.5.18.1}{\376\377\000D\000e\000t\000a\000i\000l\000e\000d\000\040\000D\000e\000s\000c\000r\000i\000p\000t\000i\000o\000n}{section.5.18}% 188
